# JRE version: OpenJDK Runtime Environment Temurin-17.0.1+12 (17.0.1+12) (build 17.0.1+12)
# Java VM: OpenJDK 64-Bit Server VM Temurin-17.0.1+12 (17.0.1+12, mixed mode, tiered, compressed oops, compressed class ptrs, parallel gc, bsd-amd64)
GC Precious Log:
 CPUs: 4 total, 4 available
 Memory: 8192M
 Large Page Support: Disabled
 NUMA Support: Disabled
 Compressed Oops: Enabled (Zero based)
 Alignments: Space 512K, Generation 512K, Heap 2M
 Heap Min Capacity: 100M
 Heap Initial Capacity: 100M
 Heap Max Capacity: 1G
 Pre-touch: Disabled
 Parallel Workers: 4
Heap:
 PSYoungGen      total 10240K, used 2558K [0x00000007eab00000, 0x00000007eba80000, 0x0000000800000000)
  eden space 7680K, 0% used [0x00000007eab00000,0x00000007eab00000,0x00000007eb280000)
  from space 2560K, 99% used [0x00000007eb700000,0x00000007eb97fb10,0x00000007eb980000)
  to   space 4096K, 0% used [0x00000007eb280000,0x00000007eb280000,0x00000007eb680000)
 ParOldGen       total 219136K, used 218832K [0x00000007c0000000, 0x00000007cd600000, 0x00000007eab00000)
  object space 219136K, 99% used [0x00000007c0000000,0x00000007cd5b4020,0x00000007cd600000)
 Metaspace       used 72887K, committed 73856K, reserved 1122304K
  class space    used 7389K, committed 7808K, reserved 1048576K
GC Heap History (20 events):
Event: 8273.463 GC heap after
{Heap after GC invocations=610 (full 28):
 PSYoungGen      total 16896K, used 7606K [0x00000007eab00000, 0x00000007ec500000, 0x0000000800000000)
  eden space 9216K, 0% used [0x00000007eab00000,0x00000007eab00000,0x00000007eb400000)
  from space 7680K, 99% used [0x00000007eb400000,0x00000007ebb6d978,0x00000007ebb80000)
  to   space 8704K, 0% used [0x00000007ebc80000,0x00000007ebc80000,0x00000007ec500000)
 ParOldGen       total 195584K, used 175296K [0x00000007c0000000, 0x00000007cbf00000, 0x00000007eab00000)
  object space 195584K, 89% used [0x00000007c0000000,0x00000007cab30020,0x00000007cbf00000)
 Metaspace       used 72704K, committed 73728K, reserved 1122304K
  class space    used 7369K, committed 7808K, reserved 1048576K
}
Event: 8277.431 GC heap before
{Heap before GC invocations=611 (full 28):
 PSYoungGen      total 16896K, used 16822K [0x00000007eab00000, 0x00000007ec500000, 0x0000000800000000)
  eden space 9216K, 100% used [0x00000007eab00000,0x00000007eb400000,0x00000007eb400000)
  from space 7680K, 99% used [0x00000007eb400000,0x00000007ebb6d978,0x00000007ebb80000)
  to   space 8704K, 0% used [0x00000007ebc80000,0x00000007ebc80000,0x00000007ec500000)
 ParOldGen       total 195584K, used 175296K [0x00000007c0000000, 0x00000007cbf00000, 0x00000007eab00000)
  object space 195584K, 89% used [0x00000007c0000000,0x00000007cab30020,0x00000007cbf00000)
 Metaspace       used 72709K, committed 73728K, reserved 1122304K
  class space    used 7369K, committed 7808K, reserved 1048576K
}
Event: 8277.437 GC heap after
{Heap after GC invocations=611 (full 28):
 PSYoungGen      total 15360K, used 6125K [0x00000007eab00000, 0x00000007ec280000, 0x0000000800000000)
  eden space 9216K, 0% used [0x00000007eab00000,0x00000007eab00000,0x00000007eb400000)
  from space 6144K, 99% used [0x00000007ebc80000,0x00000007ec27b558,0x00000007ec280000)
  to   space 7168K, 0% used [0x00000007eb480000,0x00000007eb480000,0x00000007ebb80000)
 ParOldGen       total 195584K, used 176124K [0x00000007c0000000, 0x00000007cbf00000, 0x00000007eab00000)
  object space 195584K, 90% used [0x00000007c0000000,0x00000007cabff240,0x00000007cbf00000)
 Metaspace       used 72709K, committed 73728K, reserved 1122304K
  class space    used 7369K, committed 7808K, reserved 1048576K
}
Event: 8278.363 GC heap before
{Heap before GC invocations=612 (full 28):
 PSYoungGen      total 15360K, used 15341K [0x00000007eab00000, 0x00000007ec280000, 0x0000000800000000)
  eden space 9216K, 100% used [0x00000007eab00000,0x00000007eb400000,0x00000007eb400000)
  from space 6144K, 99% used [0x00000007ebc80000,0x00000007ec27b558,0x00000007ec280000)
  to   space 7168K, 0% used [0x00000007eb480000,0x00000007eb480000,0x00000007ebb80000)
 ParOldGen       total 195584K, used 176124K [0x00000007c0000000, 0x00000007cbf00000, 0x00000007eab00000)
  object space 195584K, 90% used [0x00000007c0000000,0x00000007cabff240,0x00000007cbf00000)
 Metaspace       used 72712K, committed 73728K, reserved 1122304K
  class space    used 7369K, committed 7808K, reserved 1048576K
}
Event: 8278.384 GC heap after
{Heap after GC invocations=612 (full 28):
 PSYoungGen      total 16384K, used 7165K [0x00000007eab00000, 0x00000007ecb00000, 0x0000000800000000)
  eden space 9216K, 0% used [0x00000007eab00000,0x00000007eab00000,0x00000007eb400000)
  from space 7168K, 99% used [0x00000007eb480000,0x00000007ebb7f6a0,0x00000007ebb80000)
  to   space 11776K, 0% used [0x00000007ebf80000,0x00000007ebf80000,0x00000007ecb00000)
 ParOldGen       total 195584K, used 179553K [0x00000007c0000000, 0x00000007cbf00000, 0x00000007eab00000)
  object space 195584K, 91% used [0x00000007c0000000,0x00000007caf58588,0x00000007cbf00000)
 Metaspace       used 72712K, committed 73728K, reserved 1122304K
  class space    used 7369K, committed 7808K, reserved 1048576K
}
Event: 8278.435 GC heap before
{Heap before GC invocations=613 (full 28):
 PSYoungGen      total 16384K, used 16381K [0x00000007eab00000, 0x00000007ecb00000, 0x0000000800000000)
  eden space 9216K, 100% used [0x00000007eab00000,0x00000007eb400000,0x00000007eb400000)
  from space 7168K, 99% used [0x00000007eb480000,0x00000007ebb7f6a0,0x00000007ebb80000)
  to   space 11776K, 0% used [0x00000007ebf80000,0x00000007ebf80000,0x00000007ecb00000)
 ParOldGen       total 195584K, used 179553K [0x00000007c0000000, 0x00000007cbf00000, 0x00000007eab00000)
  object space 195584K, 91% used [0x00000007c0000000,0x00000007caf58588,0x00000007cbf00000)
 Metaspace       used 72712K, committed 73728K, reserved 1122304K
  class space    used 7369K, committed 7808K, reserved 1048576K
}
Event: 8278.455 GC heap after
{Heap after GC invocations=613 (full 28):
 PSYoungGen      total 14848K, used 11753K [0x00000007eab00000, 0x00000007ed800000, 0x0000000800000000)
  eden space 3072K, 0% used [0x00000007eab00000,0x00000007eab00000,0x00000007eae00000)
  from space 11776K, 99% used [0x00000007ebf80000,0x00000007ecafa4a0,0x00000007ecb00000)
  to   space 17920K, 0% used [0x00000007eae00000,0x00000007eae00000,0x00000007ebf80000)
 ParOldGen       total 195584K, used 184202K [0x00000007c0000000, 0x00000007cbf00000, 0x00000007eab00000)
  object space 195584K, 94% used [0x00000007c0000000,0x00000007cb3e29a8,0x00000007cbf00000)
 Metaspace       used 72712K, committed 73728K, reserved 1122304K
  class space    used 7369K, committed 7808K, reserved 1048576K
}
Event: 8278.467 GC heap before
{Heap before GC invocations=614 (full 28):
 PSYoungGen      total 14848K, used 14825K [0x00000007eab00000, 0x00000007ed800000, 0x0000000800000000)
  eden space 3072K, 100% used [0x00000007eab00000,0x00000007eae00000,0x00000007eae00000)
  from space 11776K, 99% used [0x00000007ebf80000,0x00000007ecafa4a0,0x00000007ecb00000)
  to   space 17920K, 0% used [0x00000007eae00000,0x00000007eae00000,0x00000007ebf80000)
 ParOldGen       total 195584K, used 184202K [0x00000007c0000000, 0x00000007cbf00000, 0x00000007eab00000)
  object space 195584K, 94% used [0x00000007c0000000,0x00000007cb3e29a8,0x00000007cbf00000)
 Metaspace       used 72712K, committed 73728K, reserved 1122304K
  class space    used 7369K, committed 7808K, reserved 1048576K
}
Event: 8278.478 GC heap after
{Heap after GC invocations=614 (full 28):
 PSYoungGen      total 17920K, used 14708K [0x00000007eab00000, 0x00000007ecd00000, 0x0000000800000000)
  eden space 3072K, 0% used [0x00000007eab00000,0x00000007eab00000,0x00000007eae00000)
  from space 14848K, 99% used [0x00000007eae00000,0x00000007ebc5d2a0,0x00000007ebc80000)
  to   space 15360K, 0% used [0x00000007ebe00000,0x00000007ebe00000,0x00000007ecd00000)
 ParOldGen       total 195584K, used 184390K [0x00000007c0000000, 0x00000007cbf00000, 0x00000007eab00000)
  object space 195584K, 94% used [0x00000007c0000000,0x00000007cb411ba8,0x00000007cbf00000)
 Metaspace       used 72712K, committed 73728K, reserved 1122304K
  class space    used 7369K, committed 7808K, reserved 1048576K
}
Event: 8278.888 GC heap before
{Heap before GC invocations=615 (full 28):
 PSYoungGen      total 17920K, used 17780K [0x00000007eab00000, 0x00000007ecd00000, 0x0000000800000000)
  eden space 3072K, 99% used [0x00000007eab00000,0x00000007eadffff0,0x00000007eae00000)
  from space 14848K, 99% used [0x00000007eae00000,0x00000007ebc5d2a0,0x00000007ebc80000)
  to   space 15360K, 0% used [0x00000007ebe00000,0x00000007ebe00000,0x00000007ecd00000)
 ParOldGen       total 195584K, used 184390K [0x00000007c0000000, 0x00000007cbf00000, 0x00000007eab00000)
  object space 195584K, 94% used [0x00000007c0000000,0x00000007cb411ba8,0x00000007cbf00000)
 Metaspace       used 72726K, committed 73728K, reserved 1122304K
  class space    used 7371K, committed 7808K, reserved 1048576K
}
Event: 8278.898 GC heap after
{Heap after GC invocations=615 (full 28):
 PSYoungGen      total 9728K, used 5331K [0x00000007eab00000, 0x00000007ec380000, 0x0000000800000000)
  eden space 4096K, 0% used [0x00000007eab00000,0x00000007eab00000,0x00000007eaf00000)
  from space 5632K, 94% used [0x00000007ebe00000,0x00000007ec334d30,0x00000007ec380000)
  to   space 9216K, 0% used [0x00000007eb180000,0x00000007eb180000,0x00000007eba80000)
 ParOldGen       total 195584K, used 185027K [0x00000007c0000000, 0x00000007cbf00000, 0x00000007eab00000)
  object space 195584K, 94% used [0x00000007c0000000,0x00000007cb4b0dc0,0x00000007cbf00000)
 Metaspace       used 72726K, committed 73728K, reserved 1122304K
  class space    used 7371K, committed 7808K, reserved 1048576K
}
Event: 8279.363 GC heap before
{Heap before GC invocations=616 (full 28):
 PSYoungGen      total 9728K, used 9427K [0x00000007eab00000, 0x00000007ec380000, 0x0000000800000000)
  eden space 4096K, 100% used [0x00000007eab00000,0x00000007eaf00000,0x00000007eaf00000)
  from space 5632K, 94% used [0x00000007ebe00000,0x00000007ec334d30,0x00000007ec380000)
  to   space 9216K, 0% used [0x00000007eb180000,0x00000007eb180000,0x00000007eba80000)
 ParOldGen       total 219136K, used 215747K [0x00000007c0000000, 0x00000007cd600000, 0x00000007eab00000)
  object space 219136K, 98% used [0x00000007c0000000,0x00000007cd2b0df0,0x00000007cd600000)
 Metaspace       used 72737K, committed 73728K, reserved 1122304K
  class space    used 7371K, committed 7808K, reserved 1048576K
}
Event: 8279.375 GC heap after
{Heap after GC invocations=616 (full 28):
 PSYoungGen      total 9728K, used 4851K [0x00000007eab00000, 0x00000007ebe80000, 0x0000000800000000)
  eden space 4608K, 0% used [0x00000007eab00000,0x00000007eab00000,0x00000007eaf80000)
  from space 5120K, 94% used [0x00000007eb180000,0x00000007eb63cd10,0x00000007eb680000)
  to   space 6144K, 0% used [0x00000007eb880000,0x00000007eb880000,0x00000007ebe80000)
 ParOldGen       total 219136K, used 216616K [0x00000007c0000000, 0x00000007cd600000, 0x00000007eab00000)
  object space 219136K, 98% used [0x00000007c0000000,0x00000007cd38a020,0x00000007cd600000)
 Metaspace       used 72737K, committed 73728K, reserved 1122304K
  class space    used 7371K, committed 7808K, reserved 1048576K
}
Event: 8279.395 GC heap before
{Heap before GC invocations=617 (full 28):
 PSYoungGen      total 9728K, used 9459K [0x00000007eab00000, 0x00000007ebe80000, 0x0000000800000000)
  eden space 4608K, 100% used [0x00000007eab00000,0x00000007eaf80000,0x00000007eaf80000)
  from space 5120K, 94% used [0x00000007eb180000,0x00000007eb63cd10,0x00000007eb680000)
  to   space 6144K, 0% used [0x00000007eb880000,0x00000007eb880000,0x00000007ebe80000)
 ParOldGen       total 219136K, used 216616K [0x00000007c0000000, 0x00000007cd600000, 0x00000007eab00000)
  object space 219136K, 98% used [0x00000007c0000000,0x00000007cd38a020,0x00000007cd600000)
 Metaspace       used 72742K, committed 73728K, reserved 1122304K
  class space    used 7371K, committed 7808K, reserved 1048576K
}
Event: 8279.404 GC heap after
{Heap after GC invocations=617 (full 28):
 PSYoungGen      total 10752K, used 4835K [0x00000007eab00000, 0x00000007ebd80000, 0x0000000800000000)
  eden space 5632K, 0% used [0x00000007eab00000,0x00000007eab00000,0x00000007eb080000)
  from space 5120K, 94% used [0x00000007eb880000,0x00000007ebd38d20,0x00000007ebd80000)
  to   space 5120K, 0% used [0x00000007eb380000,0x00000007eb380000,0x00000007eb880000)
 ParOldGen       total 219136K, used 216624K [0x00000007c0000000, 0x00000007cd600000, 0x00000007eab00000)
  object space 219136K, 98% used [0x00000007c0000000,0x00000007cd38c020,0x00000007cd600000)
 Metaspace       used 72742K, committed 73728K, reserved 1122304K
  class space    used 7371K, committed 7808K, reserved 1048576K
}
Event: 8426.916 GC heap before
{Heap before GC invocations=618 (full 28):
 PSYoungGen      total 10752K, used 10467K [0x00000007eab00000, 0x00000007ebd80000, 0x0000000800000000)
  eden space 5632K, 100% used [0x00000007eab00000,0x00000007eb080000,0x00000007eb080000)
  from space 5120K, 94% used [0x00000007eb880000,0x00000007ebd38d20,0x00000007ebd80000)
  to   space 5120K, 0% used [0x00000007eb380000,0x00000007eb380000,0x00000007eb880000)
 ParOldGen       total 219136K, used 216624K [0x00000007c0000000, 0x00000007cd600000, 0x00000007eab00000)
  object space 219136K, 98% used [0x00000007c0000000,0x00000007cd38c020,0x00000007cd600000)
 Metaspace       used 72866K, committed 73856K, reserved 1122304K
  class space    used 7389K, committed 7808K, reserved 1048576K
}
Event: 8426.966 GC heap after
{Heap after GC invocations=618 (full 28):
 PSYoungGen      total 10240K, used 3108K [0x00000007eab00000, 0x00000007eb980000, 0x0000000800000000)
  eden space 6656K, 0% used [0x00000007eab00000,0x00000007eab00000,0x00000007eb180000)
  from space 3584K, 86% used [0x00000007eb380000,0x00000007eb689210,0x00000007eb700000)
  to   space 2560K, 0% used [0x00000007eb700000,0x00000007eb700000,0x00000007eb980000)
 ParOldGen       total 219136K, used 217736K [0x00000007c0000000, 0x00000007cd600000, 0x00000007eab00000)
  object space 219136K, 99% used [0x00000007c0000000,0x00000007cd4a2020,0x00000007cd600000)
 Metaspace       used 72866K, committed 73856K, reserved 1122304K
  class space    used 7389K, committed 7808K, reserved 1048576K
}
Event: 8427.034 GC heap before
{Heap before GC invocations=619 (full 28):
 PSYoungGen      total 10240K, used 9764K [0x00000007eab00000, 0x00000007eb980000, 0x0000000800000000)
  eden space 6656K, 100% used [0x00000007eab00000,0x00000007eb180000,0x00000007eb180000)
  from space 3584K, 86% used [0x00000007eb380000,0x00000007eb689210,0x00000007eb700000)
  to   space 2560K, 0% used [0x00000007eb700000,0x00000007eb700000,0x00000007eb980000)
 ParOldGen       total 219136K, used 217736K [0x00000007c0000000, 0x00000007cd600000, 0x00000007eab00000)
  object space 219136K, 99% used [0x00000007c0000000,0x00000007cd4a2020,0x00000007cd600000)
 Metaspace       used 72887K, committed 73856K, reserved 1122304K
  class space    used 7389K, committed 7808K, reserved 1048576K
}
Event: 8427.047 GC heap after
{Heap after GC invocations=619 (full 28):
 PSYoungGen      total 10240K, used 2558K [0x00000007eab00000, 0x00000007eba80000, 0x0000000800000000)
  eden space 7680K, 0% used [0x00000007eab00000,0x00000007eab00000,0x00000007eb280000)
  from space 2560K, 99% used [0x00000007eb700000,0x00000007eb97fb10,0x00000007eb980000)
  to   space 4096K, 0% used [0x00000007eb280000,0x00000007eb280000,0x00000007eb680000)
 ParOldGen       total 219136K, used 218832K [0x00000007c0000000, 0x00000007cd600000, 0x00000007eab00000)
  object space 219136K, 99% used [0x00000007c0000000,0x00000007cd5b4020,0x00000007cd600000)
 Metaspace       used 72887K, committed 73856K, reserved 1122304K
  class space    used 7389K, committed 7808K, reserved 1048576K
}
Event: 8427.047 GC heap before
{Heap before GC invocations=620 (full 29):
 PSYoungGen      total 10240K, used 2558K [0x00000007eab00000, 0x00000007eba80000, 0x0000000800000000)
  eden space 7680K, 0% used [0x00000007eab00000,0x00000007eab00000,0x00000007eb280000)
  from space 2560K, 99% used [0x00000007eb700000,0x00000007eb97fb10,0x00000007eb980000)
  to   space 4096K, 0% used [0x00000007eb280000,0x00000007eb280000,0x00000007eb680000)
 ParOldGen       total 219136K, used 218832K [0x00000007c0000000, 0x00000007cd600000, 0x00000007eab00000)
  object space 219136K, 99% used [0x00000007c0000000,0x00000007cd5b4020,0x00000007cd600000)
 Metaspace       used 72887K, committed 73856K, reserved 1122304K
  class space    used 7389K, committed 7808K, reserved 1048576K
}

